<?xml version="1.0" encoding="UTF-8"?>
<testsuite xmlns:xsi="http://www.w3.org/2001/XMLSchema-instance" xsi:noNamespaceSchemaLocation="https://maven.apache.org/surefire/maven-surefire-plugin/xsd/surefire-test-report-3.0.xsd" version="3.0" name="calculadora.src.test.java.com.exemplo.CalculadoraTest" time="0.08" tests="8" errors="0" skipped="0" failures="0">
  <properties>
[...]
</properties>
  <testcase name="subtrairPositivos" classname="calculadora.src.test.java.com.exemplo.CalculadoraTest" time="0.037"/>
  <testcase name="multiplicarPorZero" classname="calculadora.src.test.java.com.exemplo.CalculadoraTest" time="0.001"/>
  <testcase name="somarComZero" classname="calculadora.src.test.java.com.exemplo.CalculadoraTest" time="0.001"/>
  <testcase name="multiplicarPositivos" classname="calculadora.src.test.java.com.exemplo.CalculadoraTest" time="0.001"/>
  <testcase name="somarPositivos" classname="calculadora.src.test.java.com.exemplo.CalculadoraTest" time="0.002"/>
  <testcase name="multiplicarComNegativo" classname="calculadora.src.test.java.com.exemplo.CalculadoraTest" time="0.002"/>
  <testcase name="subtrairComNegativo" classname="calculadora.src.test.java.com.exemplo.CalculadoraTest" time="0.002"/>
  <testcase name="somarNegativos" classname="calculadora.src.test.java.com.exemplo.CalculadoraTest" time="0.001"/>
</testsuite>